mode: atomic
github.com/byte4ever/r8e/examples/01-quickstart/main.go:17.13,26.89 2 0
github.com/byte4ever/r8e/examples/01-quickstart/main.go:26.89,28.3 1 0
github.com/byte4ever/r8e/examples/01-quickstart/main.go:29.2,29.16 1 0
github.com/byte4ever/r8e/examples/01-quickstart/main.go:29.16,32.3 2 0
github.com/byte4ever/r8e/examples/01-quickstart/main.go:34.2,34.32 1 0
github.com/byte4ever/r8e/examples/08-stale-cache/main.go:23.47,26.2 2 0
github.com/byte4ever/r8e/examples/08-stale-cache/main.go:28.63,30.2 1 0
github.com/byte4ever/r8e/examples/08-stale-cache/main.go:32.40,34.2 1 0
github.com/byte4ever/r8e/examples/08-stale-cache/main.go:36.13,42.57 3 0
github.com/byte4ever/r8e/examples/08-stale-cache/main.go:42.57,44.4 1 0
github.com/byte4ever/r8e/examples/08-stale-cache/main.go:45.54,47.4 1 0
github.com/byte4ever/r8e/examples/08-stale-cache/main.go:50.2,52.62 2 0
github.com/byte4ever/r8e/examples/08-stale-cache/main.go:52.62,53.17 1 0
github.com/byte4ever/r8e/examples/08-stale-cache/main.go:53.17,55.4 1 0
github.com/byte4ever/r8e/examples/08-stale-cache/main.go:57.3,57.93 1 0
github.com/byte4ever/r8e/examples/08-stale-cache/main.go:61.2,78.63 10 0
github.com/byte4ever/r8e/examples/09-fallback/main.go:14.13,24.78 4 0
github.com/byte4ever/r8e/examples/09-fallback/main.go:24.78,26.3 1 0
github.com/byte4ever/r8e/examples/09-fallback/main.go:27.2,33.56 3 0
github.com/byte4ever/r8e/examples/09-fallback/main.go:33.56,35.4 1 0
github.com/byte4ever/r8e/examples/09-fallback/main.go:38.2,38.75 1 0
github.com/byte4ever/r8e/examples/09-fallback/main.go:38.75,40.3 1 0
github.com/byte4ever/r8e/examples/09-fallback/main.go:41.2,47.56 3 0
github.com/byte4ever/r8e/examples/09-fallback/main.go:47.56,49.4 1 0
github.com/byte4ever/r8e/examples/09-fallback/main.go:52.2,52.75 1 0
github.com/byte4ever/r8e/examples/09-fallback/main.go:52.75,54.3 1 0
github.com/byte4ever/r8e/examples/09-fallback/main.go:55.2,60.77 3 0
github.com/byte4ever/r8e/examples/09-fallback/main.go:60.77,62.3 1 0
github.com/byte4ever/r8e/examples/09-fallback/main.go:63.2,63.52 1 0
github.com/byte4ever/r8e/examples/16-convenience-do/main.go:16.13,24.43 4 0
github.com/byte4ever/r8e/examples/16-convenience-do/main.go:24.43,28.19 3 0
github.com/byte4ever/r8e/examples/16-convenience-do/main.go:28.19,30.5 1 0
github.com/byte4ever/r8e/examples/16-convenience-do/main.go:32.4,32.33 1 0
github.com/byte4ever/r8e/examples/16-convenience-do/main.go:37.2,43.43 3 0
github.com/byte4ever/r8e/examples/16-convenience-do/main.go:43.43,45.4 1 0
github.com/byte4ever/r8e/examples/16-convenience-do/main.go:49.2,55.43 3 0
github.com/byte4ever/r8e/examples/16-convenience-do/main.go:55.43,57.4 1 0
github.com/byte4ever/r8e/examples/16-convenience-do/main.go:59.2,59.52 1 0
github.com/byte4ever/r8e/examples/14-config/main.go:18.13,26.16 4 0
github.com/byte4ever/r8e/examples/14-config/main.go:26.16,29.3 2 0
github.com/byte4ever/r8e/examples/14-config/main.go:31.2,42.79 4 0
github.com/byte4ever/r8e/examples/14-config/main.go:42.79,44.3 1 0
github.com/byte4ever/r8e/examples/14-config/main.go:45.2,48.78 2 0
github.com/byte4ever/r8e/examples/14-config/main.go:48.78,50.3 1 0
github.com/byte4ever/r8e/examples/14-config/main.go:51.2,59.77 5 0
github.com/byte4ever/r8e/examples/14-config/main.go:59.77,61.18 2 0
github.com/byte4ever/r8e/examples/14-config/main.go:61.18,63.4 1 0
github.com/byte4ever/r8e/examples/14-config/main.go:65.3,65.34 1 0
github.com/byte4ever/r8e/examples/14-config/main.go:67.2,73.75 4 0
github.com/byte4ever/r8e/examples/14-config/main.go:73.75,75.3 1 0
github.com/byte4ever/r8e/examples/14-config/main.go:76.2,76.52 1 0
github.com/byte4ever/r8e/examples/14-config/main.go:80.40,83.2 2 0
github.com/byte4ever/r8e/examples/10-full-policy/main.go:16.13,33.51 2 0
github.com/byte4ever/r8e/examples/10-full-policy/main.go:33.51,33.107 1 0
github.com/byte4ever/r8e/examples/10-full-policy/main.go:34.29,34.64 1 0
github.com/byte4ever/r8e/examples/10-full-policy/main.go:35.38,35.89 1 0
github.com/byte4ever/r8e/examples/10-full-policy/main.go:45.2,47.72 2 0
github.com/byte4ever/r8e/examples/10-full-policy/main.go:47.72,49.3 1 0
github.com/byte4ever/r8e/examples/10-full-policy/main.go:50.2,56.71 4 0
github.com/byte4ever/r8e/examples/10-full-policy/main.go:56.71,59.3 2 0
github.com/byte4ever/r8e/examples/10-full-policy/main.go:60.2,69.76 4 0
github.com/byte4ever/r8e/examples/10-full-policy/main.go:69.76,71.3 1 0
github.com/byte4ever/r8e/examples/10-full-policy/main.go:72.2,72.52 1 0
github.com/byte4ever/r8e/examples/12-hooks/main.go:16.13,20.41 2 0
github.com/byte4ever/r8e/examples/12-hooks/main.go:20.41,22.4 1 0
github.com/byte4ever/r8e/examples/12-hooks/main.go:23.30,23.94 1 0
github.com/byte4ever/r8e/examples/12-hooks/main.go:24.30,24.94 1 0
github.com/byte4ever/r8e/examples/12-hooks/main.go:25.30,25.97 1 0
github.com/byte4ever/r8e/examples/12-hooks/main.go:26.30,26.89 1 0
github.com/byte4ever/r8e/examples/12-hooks/main.go:27.30,27.92 1 0
github.com/byte4ever/r8e/examples/12-hooks/main.go:28.30,28.92 1 0
github.com/byte4ever/r8e/examples/12-hooks/main.go:29.30,29.94 1 0
github.com/byte4ever/r8e/examples/12-hooks/main.go:30.30,30.94 1 0
github.com/byte4ever/r8e/examples/12-hooks/main.go:31.28,31.89 1 0
github.com/byte4ever/r8e/examples/12-hooks/main.go:32.28,32.87 1 0
github.com/byte4ever/r8e/examples/12-hooks/main.go:33.37,33.93 1 0
github.com/byte4ever/r8e/examples/12-hooks/main.go:37.2,45.65 4 0
github.com/byte4ever/r8e/examples/12-hooks/main.go:45.65,47.18 2 0
github.com/byte4ever/r8e/examples/12-hooks/main.go:47.18,49.4 1 0
github.com/byte4ever/r8e/examples/12-hooks/main.go:51.3,51.24 1 0
github.com/byte4ever/r8e/examples/12-hooks/main.go:53.2,62.71 4 0
github.com/byte4ever/r8e/examples/12-hooks/main.go:62.71,64.3 1 0
github.com/byte4ever/r8e/examples/12-hooks/main.go:65.2,75.71 4 0
github.com/byte4ever/r8e/examples/12-hooks/main.go:75.71,77.3 1 0
github.com/byte4ever/r8e/examples/12-hooks/main.go:78.2,78.38 1 0
github.com/byte4ever/r8e/examples/04-timeout/main.go:16.13,26.72 4 0
github.com/byte4ever/r8e/examples/04-timeout/main.go:26.72,28.3 1 0
github.com/byte4ever/r8e/examples/04-timeout/main.go:29.2,34.68 3 0
github.com/byte4ever/r8e/examples/04-timeout/main.go:34.68,35.10 1 0
github.com/byte4ever/r8e/examples/04-timeout/main.go:36.38,37.39 1 0
github.com/byte4ever/r8e/examples/04-timeout/main.go:38.21,39.24 1 0
github.com/byte4ever/r8e/examples/04-timeout/main.go:42.2,42.36 1 0
github.com/byte4ever/r8e/examples/04-timeout/main.go:42.36,44.3 1 0
github.com/byte4ever/r8e/examples/04-timeout/main.go:47.2,51.12 3 0
github.com/byte4ever/r8e/examples/04-timeout/main.go:51.12,54.3 2 0
github.com/byte4ever/r8e/examples/04-timeout/main.go:56.2,56.74 1 0
github.com/byte4ever/r8e/examples/04-timeout/main.go:56.74,57.10 1 0
github.com/byte4ever/r8e/examples/04-timeout/main.go:58.38,59.39 1 0
github.com/byte4ever/r8e/examples/04-timeout/main.go:60.21,61.24 1 0
github.com/byte4ever/r8e/examples/04-timeout/main.go:64.2,64.64 1 0
github.com/byte4ever/r8e/examples/05-rate-limiter/main.go:16.13,27.26 4 0
github.com/byte4ever/r8e/examples/05-rate-limiter/main.go:27.26,28.79 1 0
github.com/byte4ever/r8e/examples/05-rate-limiter/main.go:28.79,30.4 1 0
github.com/byte4ever/r8e/examples/05-rate-limiter/main.go:31.3,31.10 1 0
github.com/byte4ever/r8e/examples/05-rate-limiter/main.go:32.43,33.49 1 0
github.com/byte4ever/r8e/examples/05-rate-limiter/main.go:34.19,35.51 1 0
github.com/byte4ever/r8e/examples/05-rate-limiter/main.go:36.11,37.47 1 0
github.com/byte4ever/r8e/examples/05-rate-limiter/main.go:42.2,55.26 6 0
github.com/byte4ever/r8e/examples/05-rate-limiter/main.go:55.26,56.81 1 0
github.com/byte4ever/r8e/examples/05-rate-limiter/main.go:56.81,58.4 1 0
github.com/byte4ever/r8e/examples/05-rate-limiter/main.go:60.3,61.17 2 0
github.com/byte4ever/r8e/examples/05-rate-limiter/main.go:61.17,63.4 1 0
github.com/byte4ever/r8e/examples/05-rate-limiter/main.go:63.9,65.4 1 0
github.com/byte4ever/r8e/examples/07-hedge/main.go:16.13,22.29 2 0
github.com/byte4ever/r8e/examples/07-hedge/main.go:22.29,22.80 1 0
github.com/byte4ever/r8e/examples/07-hedge/main.go:23.29,23.74 1 0
github.com/byte4ever/r8e/examples/07-hedge/main.go:28.2,29.52 2 0
github.com/byte4ever/r8e/examples/07-hedge/main.go:29.52,33.10 3 0
github.com/byte4ever/r8e/examples/07-hedge/main.go:34.30,35.62 1 0
github.com/byte4ever/r8e/examples/07-hedge/main.go:36.21,37.24 1 0
github.com/byte4ever/r8e/examples/07-hedge/main.go:41.2,45.26 4 0
github.com/byte4ever/r8e/examples/07-hedge/main.go:45.26,50.17 4 0
github.com/byte4ever/r8e/examples/07-hedge/main.go:50.17,52.4 1 0
github.com/byte4ever/r8e/examples/07-hedge/main.go:52.9,54.4 1 0
github.com/byte4ever/r8e/examples/07-hedge/main.go:56.3,56.16 1 0
github.com/byte4ever/r8e/examples/13-health-readiness/main.go:19.13,43.14 10 0
github.com/byte4ever/r8e/examples/13-health-readiness/main.go:43.14,45.67 1 0
github.com/byte4ever/r8e/examples/13-health-readiness/main.go:45.67,47.4 1 0
github.com/byte4ever/r8e/examples/13-health-readiness/main.go:50.2,70.15 13 0
github.com/byte4ever/r8e/examples/13-health-readiness/main.go:73.41,78.42 3 0
github.com/byte4ever/r8e/examples/13-health-readiness/main.go:78.42,80.3 1 0
github.com/byte4ever/r8e/examples/13-health-readiness/main.go:83.40,86.2 2 0
github.com/byte4ever/r8e/examples/06-bulkhead/main.go:16.13,27.26 5 0
github.com/byte4ever/r8e/examples/06-bulkhead/main.go:27.26,30.19 2 0
github.com/byte4ever/r8e/examples/06-bulkhead/main.go:30.19,33.74 2 0
github.com/byte4ever/r8e/examples/06-bulkhead/main.go:33.74,37.5 2 0
github.com/byte4ever/r8e/examples/06-bulkhead/main.go:38.4,38.11 1 0
github.com/byte4ever/r8e/examples/06-bulkhead/main.go:39.45,40.62 1 0
github.com/byte4ever/r8e/examples/06-bulkhead/main.go:41.20,42.52 1 0
github.com/byte4ever/r8e/examples/06-bulkhead/main.go:43.12,44.48 1 0
github.com/byte4ever/r8e/examples/06-bulkhead/main.go:48.3,48.36 1 0
github.com/byte4ever/r8e/examples/06-bulkhead/main.go:51.2,51.11 1 0
github.com/byte4ever/r8e/examples/02-retry/main.go:16.13,26.72 5 0
github.com/byte4ever/r8e/examples/02-retry/main.go:26.72,30.18 3 0
github.com/byte4ever/r8e/examples/02-retry/main.go:30.18,32.4 1 0
github.com/byte4ever/r8e/examples/02-retry/main.go:34.3,34.37 1 0
github.com/byte4ever/r8e/examples/02-retry/main.go:36.2,47.71 5 0
github.com/byte4ever/r8e/examples/02-retry/main.go:47.71,51.18 3 0
github.com/byte4ever/r8e/examples/02-retry/main.go:51.18,53.4 1 0
github.com/byte4ever/r8e/examples/02-retry/main.go:55.3,55.37 1 0
github.com/byte4ever/r8e/examples/02-retry/main.go:57.2,66.71 5 0
github.com/byte4ever/r8e/examples/02-retry/main.go:66.71,70.18 3 0
github.com/byte4ever/r8e/examples/02-retry/main.go:70.18,72.4 1 0
github.com/byte4ever/r8e/examples/02-retry/main.go:74.3,74.37 1 0
github.com/byte4ever/r8e/examples/02-retry/main.go:76.2,85.71 5 0
github.com/byte4ever/r8e/examples/02-retry/main.go:85.71,89.18 3 0
github.com/byte4ever/r8e/examples/02-retry/main.go:89.18,91.4 1 0
github.com/byte4ever/r8e/examples/02-retry/main.go:93.3,93.37 1 0
github.com/byte4ever/r8e/examples/02-retry/main.go:95.2,104.66 5 0
github.com/byte4ever/r8e/examples/02-retry/main.go:104.66,109.3 3 0
github.com/byte4ever/r8e/examples/02-retry/main.go:110.2,121.73 5 0
github.com/byte4ever/r8e/examples/02-retry/main.go:121.73,125.18 3 0
github.com/byte4ever/r8e/examples/02-retry/main.go:125.18,127.11 1 0
github.com/byte4ever/r8e/examples/02-retry/main.go:128.46,129.27 1 0
github.com/byte4ever/r8e/examples/02-retry/main.go:130.22,131.25 1 0
github.com/byte4ever/r8e/examples/02-retry/main.go:135.3,135.30 1 0
github.com/byte4ever/r8e/examples/02-retry/main.go:137.2,146.37 5 0
github.com/byte4ever/r8e/examples/02-retry/main.go:146.37,149.5 1 0
github.com/byte4ever/r8e/examples/02-retry/main.go:152.2,152.66 1 0
github.com/byte4ever/r8e/examples/02-retry/main.go:152.66,157.3 3 0
github.com/byte4ever/r8e/examples/02-retry/main.go:158.2,158.66 1 0
github.com/byte4ever/r8e/examples/15-presets/main.go:14.13,24.75 5 0
github.com/byte4ever/r8e/examples/15-presets/main.go:24.75,26.18 2 0
github.com/byte4ever/r8e/examples/15-presets/main.go:26.18,28.4 1 0
github.com/byte4ever/r8e/examples/15-presets/main.go:30.3,30.33 1 0
github.com/byte4ever/r8e/examples/15-presets/main.go:32.2,42.81 5 0
github.com/byte4ever/r8e/examples/15-presets/main.go:42.81,44.18 2 0
github.com/byte4ever/r8e/examples/15-presets/main.go:44.18,46.4 1 0
github.com/byte4ever/r8e/examples/15-presets/main.go:48.3,48.35 1 0
github.com/byte4ever/r8e/examples/15-presets/main.go:50.2,50.82 1 0
github.com/byte4ever/r8e/examples/11-error-classification/main.go:16.13,27.72 5 0
github.com/byte4ever/r8e/examples/11-error-classification/main.go:27.72,31.18 3 0
github.com/byte4ever/r8e/examples/11-error-classification/main.go:31.18,33.4 1 0
github.com/byte4ever/r8e/examples/11-error-classification/main.go:35.3,35.26 1 0
github.com/byte4ever/r8e/examples/11-error-classification/main.go:37.2,43.66 4 0
github.com/byte4ever/r8e/examples/11-error-classification/main.go:43.66,48.3 3 0
github.com/byte4ever/r8e/examples/11-error-classification/main.go:49.2,55.66 4 0
github.com/byte4ever/r8e/examples/11-error-classification/main.go:55.66,60.3 3 0
github.com/byte4ever/r8e/examples/11-error-classification/main.go:61.2,75.56 8 0
github.com/byte4ever/r8e/examples/03-circuit-breaker/main.go:16.13,26.30 2 0
github.com/byte4ever/r8e/examples/03-circuit-breaker/main.go:26.30,26.80 1 0
github.com/byte4ever/r8e/examples/03-circuit-breaker/main.go:27.30,27.83 1 0
github.com/byte4ever/r8e/examples/03-circuit-breaker/main.go:28.30,28.80 1 0
github.com/byte4ever/r8e/examples/03-circuit-breaker/main.go:32.2,35.50 3 0
github.com/byte4ever/r8e/examples/03-circuit-breaker/main.go:35.50,37.17 2 0
github.com/byte4ever/r8e/examples/03-circuit-breaker/main.go:37.17,39.4 1 0
github.com/byte4ever/r8e/examples/03-circuit-breaker/main.go:41.3,41.59 1 0
github.com/byte4ever/r8e/examples/03-circuit-breaker/main.go:45.2,47.14 2 0
github.com/byte4ever/r8e/examples/03-circuit-breaker/main.go:47.14,49.17 2 0
github.com/byte4ever/r8e/examples/03-circuit-breaker/main.go:49.17,52.42 2 0
github.com/byte4ever/r8e/examples/03-circuit-breaker/main.go:52.42,54.5 1 0
github.com/byte4ever/r8e/examples/03-circuit-breaker/main.go:55.9,57.4 1 0
github.com/byte4ever/r8e/examples/03-circuit-breaker/main.go:61.2,71.16 6 0
github.com/byte4ever/r8e/examples/03-circuit-breaker/main.go:71.16,73.3 1 0
github.com/byte4ever/r8e/examples/03-circuit-breaker/main.go:73.8,75.3 1 0
github.com/byte4ever/r8e/examples/03-circuit-breaker/main.go:78.2,81.16 3 0
github.com/byte4ever/r8e/examples/03-circuit-breaker/main.go:81.16,83.3 1 0
github.com/byte4ever/r8e/examples/03-circuit-breaker/main.go:83.8,85.3 1 0
github.com/byte4ever/r8e/backoff.go:50.55,50.76 1 8
github.com/byte4ever/r8e/backoff.go:56.54,56.68 1 77
github.com/byte4ever/r8e/backoff.go:61.55,63.2 1 40
github.com/byte4ever/r8e/backoff.go:69.63,71.2 1 17
github.com/byte4ever/r8e/backoff.go:76.61,78.2 1 26
github.com/byte4ever/r8e/backoff.go:84.58,86.2 1 3
github.com/byte4ever/r8e/backoff.go:91.56,93.2 1 4
github.com/byte4ever/r8e/backoff.go:99.69,101.18 2 506
github.com/byte4ever/r8e/backoff.go:101.18,103.3 1 5
github.com/byte4ever/r8e/backoff.go:105.2,105.48 1 501
github.com/byte4ever/r8e/backoff.go:112.67,114.2 1 6
github.com/byte4ever/r8e/bulkhead.go:16.61,21.2 1 22
github.com/byte4ever/r8e/bulkhead.go:24.36,25.6 1 262
github.com/byte4ever/r8e/bulkhead.go:25.6,27.29 2 336
github.com/byte4ever/r8e/bulkhead.go:27.29,30.4 2 15
github.com/byte4ever/r8e/bulkhead.go:32.3,32.43 1 321
github.com/byte4ever/r8e/bulkhead.go:32.43,35.4 2 247
github.com/byte4ever/r8e/bulkhead.go:40.30,43.2 2 240
github.com/byte4ever/r8e/bulkhead.go:46.32,48.2 1 131
github.com/byte4ever/r8e/cache.go:45.62,47.16 2 0
github.com/byte4ever/r8e/cache.go:47.16,49.3 1 0
github.com/byte4ever/r8e/cache.go:51.2,53.50 2 0
github.com/byte4ever/r8e/cache.go:53.50,55.3 1 0
github.com/byte4ever/r8e/cache.go:57.2,58.9 2 0
github.com/byte4ever/r8e/cache.go:58.9,60.3 1 0
github.com/byte4ever/r8e/cache.go:62.2,67.19 2 0
github.com/byte4ever/r8e/cache.go:67.19,69.20 2 0
github.com/byte4ever/r8e/cache.go:69.20,71.4 1 0
github.com/byte4ever/r8e/cache.go:73.3,73.15 1 0
github.com/byte4ever/r8e/cache.go:76.2,76.16 1 0
github.com/byte4ever/r8e/circuitbreaker.go:45.57,51.2 1 53
github.com/byte4ever/r8e/circuitbreaker.go:54.51,55.41 1 59
github.com/byte4ever/r8e/circuitbreaker.go:55.41,57.3 1 49
github.com/byte4ever/r8e/circuitbreaker.go:61.60,62.41 1 45
github.com/byte4ever/r8e/circuitbreaker.go:62.41,64.3 1 36
github.com/byte4ever/r8e/circuitbreaker.go:68.54,69.41 1 8
github.com/byte4ever/r8e/circuitbreaker.go:69.41,71.3 1 6
github.com/byte4ever/r8e/circuitbreaker.go:75.97,77.25 2 53
github.com/byte4ever/r8e/circuitbreaker.go:77.25,79.3 1 91
github.com/byte4ever/r8e/circuitbreaker.go:81.2,85.3 1 53
github.com/byte4ever/r8e/circuitbreaker.go:91.41,94.20 2 280
github.com/byte4ever/r8e/circuitbreaker.go:94.20,99.56 3 21
github.com/byte4ever/r8e/circuitbreaker.go:99.56,101.57 1 8
github.com/byte4ever/r8e/circuitbreaker.go:101.57,104.5 2 8
github.com/byte4ever/r8e/circuitbreaker.go:107.4,107.14 1 8
github.com/byte4ever/r8e/circuitbreaker.go:110.3,110.24 1 13
github.com/byte4ever/r8e/circuitbreaker.go:114.2,114.12 1 259
github.com/byte4ever/r8e/circuitbreaker.go:118.43,121.11 2 201
github.com/byte4ever/r8e/circuitbreaker.go:122.19,124.27 1 195
github.com/byte4ever/r8e/circuitbreaker.go:126.21,128.51 2 6
github.com/byte4ever/r8e/circuitbreaker.go:128.51,129.9 1 3
github.com/byte4ever/r8e/circuitbreaker.go:132.3,132.59 1 3
github.com/byte4ever/r8e/circuitbreaker.go:132.59,133.9 1 0
github.com/byte4ever/r8e/circuitbreaker.go:136.3,138.30 3 3
github.com/byte4ever/r8e/circuitbreaker.go:140.10,140.10 0 0
github.com/byte4ever/r8e/circuitbreaker.go:146.43,152.11 3 187
github.com/byte4ever/r8e/circuitbreaker.go:153.19,155.48 2 185
github.com/byte4ever/r8e/circuitbreaker.go:155.48,156.9 1 162
github.com/byte4ever/r8e/circuitbreaker.go:159.3,159.55 1 23
github.com/byte4ever/r8e/circuitbreaker.go:159.55,160.9 1 0
github.com/byte4ever/r8e/circuitbreaker.go:163.3,163.29 1 23
github.com/byte4ever/r8e/circuitbreaker.go:165.21,167.56 1 2
github.com/byte4ever/r8e/circuitbreaker.go:167.56,170.4 2 2
github.com/byte4ever/r8e/circuitbreaker.go:172.10,172.10 0 0
github.com/byte4ever/r8e/circuitbreaker.go:178.42,179.25 1 392
github.com/byte4ever/r8e/circuitbreaker.go:180.17,181.16 1 14
github.com/byte4ever/r8e/circuitbreaker.go:182.21,183.21 1 6
github.com/byte4ever/r8e/circuitbreaker.go:184.10,185.18 1 372
github.com/byte4ever/r8e/clock.go:42.34,42.55 1 15
github.com/byte4ever/r8e/clock.go:45.51,45.75 1 11
github.com/byte4ever/r8e/clock.go:48.50,50.2 1 26
github.com/byte4ever/r8e/clock.go:52.49,52.69 1 15
github.com/byte4ever/r8e/clock.go:53.49,53.74 1 16
github.com/byte4ever/r8e/clock.go:54.49,54.76 1 1
github.com/byte4ever/r8e/config.go:50.49,52.16 2 22
github.com/byte4ever/r8e/config.go:52.16,54.3 1 2
github.com/byte4ever/r8e/config.go:56.2,57.50 2 20
github.com/byte4ever/r8e/config.go:57.50,59.3 1 1
github.com/byte4ever/r8e/config.go:62.2,62.37 1 19
github.com/byte4ever/r8e/config.go:62.37,63.56 1 26
github.com/byte4ever/r8e/config.go:63.56,65.4 1 6
github.com/byte4ever/r8e/config.go:68.2,73.17 5 13
github.com/byte4ever/r8e/config.go:77.52,80.22 2 39
github.com/byte4ever/r8e/config.go:80.22,82.17 2 26
github.com/byte4ever/r8e/config.go:82.17,84.4 1 1
github.com/byte4ever/r8e/config.go:86.3,86.38 1 25
github.com/byte4ever/r8e/config.go:89.2,89.30 1 38
github.com/byte4ever/r8e/config.go:89.30,91.45 2 16
github.com/byte4ever/r8e/config.go:91.45,93.4 1 16
github.com/byte4ever/r8e/config.go:95.3,95.46 1 16
github.com/byte4ever/r8e/config.go:95.46,97.18 2 16
github.com/byte4ever/r8e/config.go:97.18,99.5 1 1
github.com/byte4ever/r8e/config.go:101.4,101.47 1 15
github.com/byte4ever/r8e/config.go:104.3,104.48 1 15
github.com/byte4ever/r8e/config.go:104.48,106.4 1 4
github.com/byte4ever/r8e/config.go:108.3,108.53 1 15
github.com/byte4ever/r8e/config.go:111.2,111.21 1 37
github.com/byte4ever/r8e/config.go:111.21,113.17 2 36
github.com/byte4ever/r8e/config.go:113.17,115.4 1 2
github.com/byte4ever/r8e/config.go:117.3,119.30 2 34
github.com/byte4ever/r8e/config.go:119.30,121.24 2 16
github.com/byte4ever/r8e/config.go:121.24,123.5 1 1
github.com/byte4ever/r8e/config.go:125.4,125.51 1 15
github.com/byte4ever/r8e/config.go:128.3,128.79 1 33
github.com/byte4ever/r8e/config.go:131.2,131.22 1 34
github.com/byte4ever/r8e/config.go:131.22,133.3 1 15
github.com/byte4ever/r8e/config.go:135.2,135.21 1 34
github.com/byte4ever/r8e/config.go:135.21,137.3 1 15
github.com/byte4ever/r8e/config.go:139.2,139.20 1 34
github.com/byte4ever/r8e/config.go:139.20,141.17 2 5
github.com/byte4ever/r8e/config.go:141.17,143.4 1 1
github.com/byte4ever/r8e/config.go:145.3,145.36 1 4
github.com/byte4ever/r8e/config.go:148.2,148.18 1 33
github.com/byte4ever/r8e/config.go:153.79,155.16 2 36
github.com/byte4ever/r8e/config.go:155.16,157.3 1 1
github.com/byte4ever/r8e/config.go:159.2,159.14 1 35
github.com/byte4ever/r8e/config.go:160.18,161.36 1 13
github.com/byte4ever/r8e/config.go:162.21,163.39 1 17
github.com/byte4ever/r8e/config.go:164.16,165.34 1 2
github.com/byte4ever/r8e/config.go:166.28,167.45 1 2
github.com/byte4ever/r8e/config.go:168.10,169.63 1 1
github.com/byte4ever/r8e/config.go:182.75,191.8 6 14
github.com/byte4ever/r8e/config.go:191.8,193.17 2 13
github.com/byte4ever/r8e/config.go:193.17,195.4 1 13
github.com/byte4ever/r8e/config.go:199.2,201.39 2 14
github.com/byte4ever/r8e/do.go:10.98,14.2 2 6
github.com/byte4ever/r8e/errors.go:47.41,47.81 1 10
github.com/byte4ever/r8e/errors.go:48.41,48.57 1 31
github.com/byte4ever/r8e/errors.go:50.41,50.81 1 2
github.com/byte4ever/r8e/errors.go:51.41,51.57 1 4
github.com/byte4ever/r8e/errors.go:53.41,53.61 1 68
github.com/byte4ever/r8e/errors.go:56.44,56.59 1 5
github.com/byte4ever/r8e/errors.go:60.33,61.16 1 32
github.com/byte4ever/r8e/errors.go:61.16,63.3 1 1
github.com/byte4ever/r8e/errors.go:65.2,65.34 1 31
github.com/byte4ever/r8e/errors.go:70.33,71.16 1 9
github.com/byte4ever/r8e/errors.go:71.16,73.3 1 1
github.com/byte4ever/r8e/errors.go:75.2,75.34 1 8
github.com/byte4ever/r8e/errors.go:80.34,81.16 1 5
github.com/byte4ever/r8e/errors.go:81.16,83.3 1 1
github.com/byte4ever/r8e/errors.go:85.2,87.29 2 4
github.com/byte4ever/r8e/errors.go:92.34,93.16 1 146
github.com/byte4ever/r8e/errors.go:93.16,95.3 1 1
github.com/byte4ever/r8e/errors.go:97.2,99.28 2 145
github.com/byte4ever/r8e/fallback.go:16.14,18.16 2 25
github.com/byte4ever/r8e/fallback.go:18.16,21.3 2 21
github.com/byte4ever/r8e/fallback.go:23.2,23.20 1 4
github.com/byte4ever/r8e/fallback.go:34.14,36.16 2 12
github.com/byte4ever/r8e/fallback.go:36.16,40.3 2 9
github.com/byte4ever/r8e/fallback.go:42.2,42.20 1 3
github.com/byte4ever/r8e/health.go:42.38,43.11 1 4
github.com/byte4ever/r8e/health.go:44.27,45.20 1 1
github.com/byte4ever/r8e/health.go:46.27,47.20 1 1
github.com/byte4ever/r8e/health.go:48.10,49.16 1 2
github.com/byte4ever/r8e/health.go:58.49,66.29 2 18199
github.com/byte4ever/r8e/health.go:66.29,69.12 2 276
github.com/byte4ever/r8e/health.go:70.15,73.33 3 10
github.com/byte4ever/r8e/health.go:74.20,75.38 1 1
github.com/byte4ever/r8e/health.go:77.11,77.11 0 265
github.com/byte4ever/r8e/health.go:83.2,83.55 1 18199
github.com/byte4ever/r8e/health.go:83.55,84.47 1 3
github.com/byte4ever/r8e/health.go:84.47,86.4 1 2
github.com/byte4ever/r8e/health.go:88.3,88.21 1 3
github.com/byte4ever/r8e/health.go:88.21,90.4 1 2
github.com/byte4ever/r8e/health.go:96.2,96.44 1 18199
github.com/byte4ever/r8e/health.go:96.44,97.47 1 1
github.com/byte4ever/r8e/health.go:97.47,99.4 1 1
github.com/byte4ever/r8e/health.go:101.3,101.50 1 1
github.com/byte4ever/r8e/health.go:101.50,103.4 1 1
github.com/byte4ever/r8e/health.go:107.2,107.29 1 18199
github.com/byte4ever/r8e/health.go:107.29,112.72 3 8
github.com/byte4ever/r8e/health.go:112.72,113.12 1 5
github.com/byte4ever/r8e/health.go:116.3,116.47 1 3
github.com/byte4ever/r8e/health.go:116.47,118.4 1 3
github.com/byte4ever/r8e/health.go:121.2,121.15 1 18199
github.com/byte4ever/r8e/hedge.go:32.110,36.22 2 14
github.com/byte4ever/r8e/hedge.go:36.22,38.3 1 1
github.com/byte4ever/r8e/hedge.go:41.2,47.12 4 13
github.com/byte4ever/r8e/hedge.go:47.12,50.3 2 13
github.com/byte4ever/r8e/hedge.go:53.2,56.9 2 13
github.com/byte4ever/r8e/hedge.go:57.27,61.24 2 3
github.com/byte4ever/r8e/hedge.go:61.24,63.4 1 1
github.com/byte4ever/r8e/hedge.go:65.3,65.25 1 2
github.com/byte4ever/r8e/hedge.go:67.19,74.13 4 9
github.com/byte4ever/r8e/hedge.go:74.13,77.4 2 9
github.com/byte4ever/r8e/hedge.go:81.3,81.80 1 9
github.com/byte4ever/r8e/hedge.go:83.20,86.25 2 1
github.com/byte4ever/r8e/hedge.go:100.14,104.9 2 9
github.com/byte4ever/r8e/hedge.go:105.27,106.24 1 8
github.com/byte4ever/r8e/hedge.go:106.24,108.24 1 4
github.com/byte4ever/r8e/hedge.go:108.24,110.5 1 2
github.com/byte4ever/r8e/hedge.go:110.10,113.5 2 2
github.com/byte4ever/r8e/hedge.go:115.4,115.26 1 4
github.com/byte4ever/r8e/hedge.go:119.3,119.10 1 4
github.com/byte4ever/r8e/hedge.go:120.24,121.21 1 3
github.com/byte4ever/r8e/hedge.go:121.21,123.21 1 2
github.com/byte4ever/r8e/hedge.go:123.21,125.6 1 1
github.com/byte4ever/r8e/hedge.go:125.11,128.6 2 1
github.com/byte4ever/r8e/hedge.go:130.5,130.23 1 2
github.com/byte4ever/r8e/hedge.go:133.4,133.27 1 1
github.com/byte4ever/r8e/hedge.go:135.21,136.26 1 1
github.com/byte4ever/r8e/hedge.go:139.20,140.25 1 1
github.com/byte4ever/r8e/hooks.go:27.51,28.22 1 95
github.com/byte4ever/r8e/hooks.go:28.22,30.3 1 15
github.com/byte4ever/r8e/hooks.go:33.35,34.28 1 37
github.com/byte4ever/r8e/hooks.go:34.28,36.3 1 14
github.com/byte4ever/r8e/hooks.go:39.36,40.29 1 15
github.com/byte4ever/r8e/hooks.go:40.29,42.3 1 12
github.com/byte4ever/r8e/hooks.go:45.39,46.32 1 20
github.com/byte4ever/r8e/hooks.go:46.32,48.3 1 12
github.com/byte4ever/r8e/hooks.go:51.35,52.28 1 423
github.com/byte4ever/r8e/hooks.go:52.28,54.3 1 13
github.com/byte4ever/r8e/hooks.go:57.36,58.29 1 27
github.com/byte4ever/r8e/hooks.go:58.29,60.3 1 12
github.com/byte4ever/r8e/hooks.go:63.40,64.33 1 259
github.com/byte4ever/r8e/hooks.go:64.33,66.3 1 13
github.com/byte4ever/r8e/hooks.go:69.40,70.33 1 252
github.com/byte4ever/r8e/hooks.go:70.33,72.3 1 13
github.com/byte4ever/r8e/hooks.go:75.31,76.24 1 19
github.com/byte4ever/r8e/hooks.go:76.24,78.3 1 12
github.com/byte4ever/r8e/hooks.go:81.38,82.31 1 21
github.com/byte4ever/r8e/hooks.go:82.31,84.3 1 14
github.com/byte4ever/r8e/hooks.go:87.32,88.25 1 15
github.com/byte4ever/r8e/hooks.go:88.25,90.3 1 13
github.com/byte4ever/r8e/hooks.go:93.45,94.29 1 42
github.com/byte4ever/r8e/hooks.go:94.29,96.3 1 14
github.com/byte4ever/r8e/middleware.go:17.63,18.86 1 114
github.com/byte4ever/r8e/middleware.go:18.86,19.46 1 212
github.com/byte4ever/r8e/middleware.go:19.46,21.4 1 619
github.com/byte4ever/r8e/middleware.go:23.3,23.14 1 212
github.com/byte4ever/r8e/order.go:26.69,27.23 1 104
github.com/byte4ever/r8e/order.go:27.23,29.3 1 34
github.com/byte4ever/r8e/order.go:32.2,35.47 3 70
github.com/byte4ever/r8e/order.go:35.47,37.3 1 127
github.com/byte4ever/r8e/order.go:39.2,40.27 2 70
github.com/byte4ever/r8e/order.go:40.27,42.3 1 147
github.com/byte4ever/r8e/order.go:44.2,44.12 1 70
github.com/byte4ever/r8e/policy.go:33.35,33.52 1 5
github.com/byte4ever/r8e/policy.go:38.93,42.2 2 192
github.com/byte4ever/r8e/policy.go:109.29,110.47 1 65
github.com/byte4ever/r8e/policy.go:110.47,112.3 1 65
github.com/byte4ever/r8e/policy.go:116.30,117.47 1 4
github.com/byte4ever/r8e/policy.go:117.47,119.3 1 4
github.com/byte4ever/r8e/policy.go:124.38,125.47 1 52
github.com/byte4ever/r8e/policy.go:125.47,127.3 1 52
github.com/byte4ever/r8e/policy.go:131.39,133.2 1 36
github.com/byte4ever/r8e/policy.go:137.84,139.2 1 48
github.com/byte4ever/r8e/policy.go:142.59,144.2 1 49
github.com/byte4ever/r8e/policy.go:147.63,149.2 1 21
github.com/byte4ever/r8e/policy.go:152.42,154.2 1 22
github.com/byte4ever/r8e/policy.go:157.41,159.2 1 5
github.com/byte4ever/r8e/policy.go:163.37,165.2 1 5
github.com/byte4ever/r8e/policy.go:169.61,171.2 1 2
github.com/byte4ever/r8e/policy.go:183.49,185.2 1 4
github.com/byte4ever/r8e/policy.go:197.60,201.27 2 95
github.com/byte4ever/r8e/policy.go:201.27,202.44 1 248
github.com/byte4ever/r8e/policy.go:202.44,204.4 1 121
github.com/byte4ever/r8e/policy.go:208.2,208.24 1 95
github.com/byte4ever/r8e/policy.go:208.24,210.3 1 30
github.com/byte4ever/r8e/policy.go:212.2,224.27 4 95
github.com/byte4ever/r8e/policy.go:224.27,225.29 1 248
github.com/byte4ever/r8e/policy.go:226.25,226.25 0 121
github.com/byte4ever/r8e/policy.go:229.20,235.86 2 20
github.com/byte4ever/r8e/policy.go:235.86,236.50 1 23
github.com/byte4ever/r8e/policy.go:236.50,238.7 1 23
github.com/byte4ever/r8e/policy.go:242.18,250.86 4 28
github.com/byte4ever/r8e/policy.go:250.86,251.50 1 132
github.com/byte4ever/r8e/policy.go:251.50,259.7 1 124
github.com/byte4ever/r8e/policy.go:263.27,270.86 3 40
github.com/byte4ever/r8e/policy.go:270.86,271.50 1 167
github.com/byte4ever/r8e/policy.go:271.50,272.43 1 167
github.com/byte4ever/r8e/policy.go:272.43,276.8 2 9
github.com/byte4ever/r8e/policy.go:278.7,279.21 2 158
github.com/byte4ever/r8e/policy.go:279.21,281.8 1 63
github.com/byte4ever/r8e/policy.go:281.13,283.8 1 95
github.com/byte4ever/r8e/policy.go:285.7,285.22 1 158
github.com/byte4ever/r8e/policy.go:290.22,297.86 3 12
github.com/byte4ever/r8e/policy.go:297.86,298.50 1 108
github.com/byte4ever/r8e/policy.go:298.50,299.46 1 108
github.com/byte4ever/r8e/policy.go:299.46,303.8 2 1
github.com/byte4ever/r8e/policy.go:305.7,305.23 1 107
github.com/byte4ever/r8e/policy.go:310.21,317.86 3 13
github.com/byte4ever/r8e/policy.go:317.86,318.50 1 126
github.com/byte4ever/r8e/policy.go:318.50,319.45 1 126
github.com/byte4ever/r8e/policy.go:319.45,323.8 2 1
github.com/byte4ever/r8e/policy.go:325.7,327.23 2 125
github.com/byte4ever/r8e/policy.go:332.18,342.86 2 3
github.com/byte4ever/r8e/policy.go:342.86,343.50 1 1
github.com/byte4ever/r8e/policy.go:343.50,345.7 1 1
github.com/byte4ever/r8e/policy.go:349.21,351.11 2 5
github.com/byte4ever/r8e/policy.go:351.11,352.13 1 0
github.com/byte4ever/r8e/policy.go:355.4,358.86 1 5
github.com/byte4ever/r8e/policy.go:358.86,359.50 1 19
github.com/byte4ever/r8e/policy.go:359.50,361.7 1 19
github.com/byte4ever/r8e/policy.go:365.25,367.11 2 2
github.com/byte4ever/r8e/policy.go:367.11,368.13 1 0
github.com/byte4ever/r8e/policy.go:371.4,374.86 1 2
github.com/byte4ever/r8e/policy.go:374.86,375.50 1 5
github.com/byte4ever/r8e/policy.go:375.50,377.7 1 5
github.com/byte4ever/r8e/policy.go:381.22,382.42 1 4
github.com/byte4ever/r8e/policy.go:384.11,384.11 0 0
github.com/byte4ever/r8e/policy.go:390.2,395.16 4 95
github.com/byte4ever/r8e/policy.go:395.16,397.17 2 88
github.com/byte4ever/r8e/policy.go:397.17,399.4 1 37
github.com/byte4ever/r8e/policy.go:402.2,415.30 2 95
github.com/byte4ever/r8e/policy.go:415.30,417.3 1 88
github.com/byte4ever/r8e/policy.go:419.2,419.15 1 95
github.com/byte4ever/r8e/presets.go:11.33,20.2 1 4
github.com/byte4ever/r8e/presets.go:26.35,36.2 1 2
github.com/byte4ever/r8e/ratelimit.go:41.42,42.36 1 6
github.com/byte4ever/r8e/ratelimit.go:42.36,44.3 1 6
github.com/byte4ever/r8e/ratelimit.go:48.100,50.25 2 29
github.com/byte4ever/r8e/ratelimit.go:50.25,52.3 1 5
github.com/byte4ever/r8e/ratelimit.go:54.2,68.11 5 29
github.com/byte4ever/r8e/ratelimit.go:74.33,75.6 1 12843
github.com/byte4ever/r8e/ratelimit.go:75.6,80.23 4 12993
github.com/byte4ever/r8e/ratelimit.go:80.23,82.4 1 12801
github.com/byte4ever/r8e/ratelimit.go:85.3,85.56 1 192
github.com/byte4ever/r8e/ratelimit.go:85.56,87.12 1 150
github.com/byte4ever/r8e/ratelimit.go:93.3,95.21 2 42
github.com/byte4ever/r8e/ratelimit.go:95.21,97.4 1 1
github.com/byte4ever/r8e/ratelimit.go:100.3,100.7 1 41
github.com/byte4ever/r8e/ratelimit.go:100.7,104.31 3 41
github.com/byte4ever/r8e/ratelimit.go:104.31,106.5 1 3
github.com/byte4ever/r8e/ratelimit.go:108.4,108.54 1 41
github.com/byte4ever/r8e/ratelimit.go:108.54,110.5 1 41
github.com/byte4ever/r8e/ratelimit.go:117.42,120.6 2 11735
github.com/byte4ever/r8e/ratelimit.go:120.6,122.25 2 11824
github.com/byte4ever/r8e/ratelimit.go:122.25,124.4 1 432
github.com/byte4ever/r8e/ratelimit.go:126.3,126.58 1 11392
github.com/byte4ever/r8e/ratelimit.go:126.58,128.4 1 11303
github.com/byte4ever/r8e/ratelimit.go:134.57,138.21 2 11717
github.com/byte4ever/r8e/ratelimit.go:138.21,140.3 1 11301
github.com/byte4ever/r8e/ratelimit.go:143.2,143.22 1 416
github.com/byte4ever/r8e/ratelimit.go:143.22,146.3 2 411
github.com/byte4ever/r8e/ratelimit.go:149.2,149.6 1 5
github.com/byte4ever/r8e/ratelimit.go:149.6,151.35 1 21
github.com/byte4ever/r8e/ratelimit.go:151.35,153.4 1 1
github.com/byte4ever/r8e/ratelimit.go:156.3,157.10 2 20
github.com/byte4ever/r8e/ratelimit.go:158.20,161.23 2 18
github.com/byte4ever/r8e/ratelimit.go:161.23,163.5 1 2
github.com/byte4ever/r8e/ratelimit.go:164.21,167.20 2 2
github.com/byte4ever/r8e/ratelimit.go:173.41,176.2 2 1108
github.com/byte4ever/r8e/readiness.go:12.51,13.76 1 6
github.com/byte4ever/r8e/readiness.go:13.76,18.19 3 7
github.com/byte4ever/r8e/readiness.go:18.19,20.4 1 5
github.com/byte4ever/r8e/readiness.go:20.9,22.4 1 2
github.com/byte4ever/r8e/readiness.go:25.3,25.45 1 7
github.com/byte4ever/r8e/registry.go:34.30,42.2 4 37
github.com/byte4ever/r8e/registry.go:47.48,58.2 7 88
github.com/byte4ever/r8e/registry.go:62.53,70.31 3 2069
github.com/byte4ever/r8e/registry.go:70.31,75.59 3 18176
github.com/byte4ever/r8e/registry.go:75.59,77.4 1 4
github.com/byte4ever/r8e/registry.go:80.2,80.15 1 2069
github.com/byte4ever/r8e/registry.go:88.34,90.2 1 39
github.com/byte4ever/r8e/retry.go:31.44,32.32 1 19
github.com/byte4ever/r8e/retry.go:32.32,34.3 1 4
github.com/byte4ever/r8e/retry.go:38.53,39.32 1 2
github.com/byte4ever/r8e/retry.go:39.32,41.3 1 2
github.com/byte4ever/r8e/retry.go:46.47,47.32 1 3
github.com/byte4ever/r8e/retry.go:47.32,49.3 1 3
github.com/byte4ever/r8e/retry.go:59.110,61.34 2 142
github.com/byte4ever/r8e/retry.go:61.34,63.3 1 6
github.com/byte4ever/r8e/retry.go:66.2,73.35 3 142
github.com/byte4ever/r8e/retry.go:73.35,80.32 2 223
github.com/byte4ever/r8e/retry.go:80.32,85.4 3 3
github.com/byte4ever/r8e/retry.go:85.9,87.4 1 220
github.com/byte4ever/r8e/retry.go:90.3,90.17 1 223
github.com/byte4ever/r8e/retry.go:90.17,92.4 1 84
github.com/byte4ever/r8e/retry.go:94.3,97.23 2 139
github.com/byte4ever/r8e/retry.go:97.23,99.4 1 2
github.com/byte4ever/r8e/retry.go:102.3,102.46 1 137
github.com/byte4ever/r8e/retry.go:102.46,104.4 1 1
github.com/byte4ever/r8e/retry.go:107.3,107.31 1 136
github.com/byte4ever/r8e/retry.go:107.31,108.9 1 53
github.com/byte4ever/r8e/retry.go:112.3,118.47 3 83
github.com/byte4ever/r8e/retry.go:118.47,120.4 1 2
github.com/byte4ever/r8e/retry.go:123.3,124.10 2 83
github.com/byte4ever/r8e/retry.go:125.20,125.20 0 81
github.com/byte4ever/r8e/retry.go:127.21,130.26 2 2
github.com/byte4ever/r8e/retry.go:135.2,135.65 1 53
github.com/byte4ever/r8e/stalecache.go:28.76,29.36 1 2
github.com/byte4ever/r8e/stalecache.go:29.36,31.3 1 2
github.com/byte4ever/r8e/stalecache.go:35.79,36.36 1 2
github.com/byte4ever/r8e/stalecache.go:36.36,38.3 1 2
github.com/byte4ever/r8e/stalecache.go:47.21,53.27 2 12
github.com/byte4ever/r8e/stalecache.go:53.27,55.3 1 4
github.com/byte4ever/r8e/stalecache.go:57.2,57.11 1 12
github.com/byte4ever/r8e/stalecache.go:68.14,70.16 2 121
github.com/byte4ever/r8e/stalecache.go:70.16,73.33 2 12
github.com/byte4ever/r8e/stalecache.go:73.33,75.4 1 1
github.com/byte4ever/r8e/stalecache.go:77.3,77.21 1 12
github.com/byte4ever/r8e/stalecache.go:81.2,81.41 1 109
github.com/byte4ever/r8e/stalecache.go:81.41,82.30 1 106
github.com/byte4ever/r8e/stalecache.go:82.30,84.4 1 1
github.com/byte4ever/r8e/stalecache.go:86.3,86.21 1 106
github.com/byte4ever/r8e/stalecache.go:90.2,92.18 2 3
github.com/byte4ever/r8e/timeout.go:21.14,25.22 2 36
github.com/byte4ever/r8e/timeout.go:25.22,27.3 1 2
github.com/byte4ever/r8e/timeout.go:30.2,41.12 5 34
github.com/byte4ever/r8e/timeout.go:41.12,44.3 2 34
github.com/byte4ever/r8e/timeout.go:47.2,47.9 1 34
github.com/byte4ever/r8e/timeout.go:48.17,49.22 1 26
github.com/byte4ever/r8e/timeout.go:50.27,53.23 1 8
github.com/byte4ever/r8e/timeout.go:53.23,55.4 1 1
github.com/byte4ever/r8e/timeout.go:57.3,59.26 2 7
