mode: atomic
github.com/byte4ever/r8e/backoff.go:28.55,28.76 1 0
github.com/byte4ever/r8e/backoff.go:39.54,39.68 1 0
github.com/byte4ever/r8e/backoff.go:43.55,45.2 1 0
github.com/byte4ever/r8e/backoff.go:56.63,58.2 1 0
github.com/byte4ever/r8e/backoff.go:62.61,64.2 1 0
github.com/byte4ever/r8e/backoff.go:75.58,77.2 1 0
github.com/byte4ever/r8e/backoff.go:81.56,83.2 1 0
github.com/byte4ever/r8e/backoff.go:94.69,96.14 2 0
github.com/byte4ever/r8e/backoff.go:96.14,98.3 1 0
github.com/byte4ever/r8e/backoff.go:99.2,99.44 1 0
github.com/byte4ever/r8e/backoff.go:105.67,107.2 1 0
github.com/byte4ever/r8e/bulkhead.go:16.61,21.2 1 0
github.com/byte4ever/r8e/bulkhead.go:24.36,25.6 1 0
github.com/byte4ever/r8e/bulkhead.go:25.6,27.29 2 0
github.com/byte4ever/r8e/bulkhead.go:27.29,30.4 2 0
github.com/byte4ever/r8e/bulkhead.go:31.3,31.43 1 0
github.com/byte4ever/r8e/bulkhead.go:31.43,34.4 2 0
github.com/byte4ever/r8e/bulkhead.go:39.30,42.2 2 0
github.com/byte4ever/r8e/bulkhead.go:45.32,47.2 1 0
github.com/byte4ever/r8e/circuitbreaker.go:25.57,31.2 1 0
github.com/byte4ever/r8e/circuitbreaker.go:37.51,38.41 1 0
github.com/byte4ever/r8e/circuitbreaker.go:38.41,40.3 1 0
github.com/byte4ever/r8e/circuitbreaker.go:44.60,45.41 1 0
github.com/byte4ever/r8e/circuitbreaker.go:45.41,47.3 1 0
github.com/byte4ever/r8e/circuitbreaker.go:51.54,52.41 1 0
github.com/byte4ever/r8e/circuitbreaker.go:52.41,54.3 1 0
github.com/byte4ever/r8e/circuitbreaker.go:77.97,79.25 2 0
github.com/byte4ever/r8e/circuitbreaker.go:79.25,81.3 1 0
github.com/byte4ever/r8e/circuitbreaker.go:82.2,86.3 1 0
github.com/byte4ever/r8e/circuitbreaker.go:92.41,95.20 2 0
github.com/byte4ever/r8e/circuitbreaker.go:95.20,99.56 3 0
github.com/byte4ever/r8e/circuitbreaker.go:99.56,101.57 1 0
github.com/byte4ever/r8e/circuitbreaker.go:101.57,104.5 2 0
github.com/byte4ever/r8e/circuitbreaker.go:107.4,107.14 1 0
github.com/byte4ever/r8e/circuitbreaker.go:109.3,109.24 1 0
github.com/byte4ever/r8e/circuitbreaker.go:113.2,113.12 1 0
github.com/byte4ever/r8e/circuitbreaker.go:117.43,120.11 2 0
github.com/byte4ever/r8e/circuitbreaker.go:121.19,123.27 1 0
github.com/byte4ever/r8e/circuitbreaker.go:125.21,127.52 2 0
github.com/byte4ever/r8e/circuitbreaker.go:127.52,129.59 1 0
github.com/byte4ever/r8e/circuitbreaker.go:129.59,133.5 3 0
github.com/byte4ever/r8e/circuitbreaker.go:139.43,145.11 3 0
github.com/byte4ever/r8e/circuitbreaker.go:146.19,148.49 2 0
github.com/byte4ever/r8e/circuitbreaker.go:148.49,150.55 1 0
github.com/byte4ever/r8e/circuitbreaker.go:150.55,152.5 1 0
github.com/byte4ever/r8e/circuitbreaker.go:155.21,157.56 1 0
github.com/byte4ever/r8e/circuitbreaker.go:157.56,160.4 2 0
github.com/byte4ever/r8e/circuitbreaker.go:165.42,166.25 1 0
github.com/byte4ever/r8e/circuitbreaker.go:167.17,168.16 1 0
github.com/byte4ever/r8e/circuitbreaker.go:169.21,170.21 1 0
github.com/byte4ever/r8e/circuitbreaker.go:171.10,172.18 1 0
github.com/byte4ever/r8e/clock.go:35.34,35.55 1 0
github.com/byte4ever/r8e/clock.go:38.51,38.75 1 0
github.com/byte4ever/r8e/clock.go:41.50,43.2 1 0
github.com/byte4ever/r8e/clock.go:50.49,50.69 1 0
github.com/byte4ever/r8e/clock.go:51.49,51.74 1 0
github.com/byte4ever/r8e/clock.go:52.49,52.76 1 0
github.com/byte4ever/r8e/errors.go:14.41,14.81 1 0
github.com/byte4ever/r8e/errors.go:15.41,15.57 1 0
github.com/byte4ever/r8e/errors.go:22.41,22.81 1 0
github.com/byte4ever/r8e/errors.go:23.41,23.57 1 0
github.com/byte4ever/r8e/errors.go:27.33,28.16 1 0
github.com/byte4ever/r8e/errors.go:28.16,30.3 1 0
github.com/byte4ever/r8e/errors.go:31.2,31.34 1 0
github.com/byte4ever/r8e/errors.go:36.33,37.16 1 0
github.com/byte4ever/r8e/errors.go:37.16,39.3 1 0
github.com/byte4ever/r8e/errors.go:40.2,40.34 1 0
github.com/byte4ever/r8e/errors.go:45.34,46.16 1 0
github.com/byte4ever/r8e/errors.go:46.16,48.3 1 0
github.com/byte4ever/r8e/errors.go:50.2,51.25 2 0
github.com/byte4ever/r8e/errors.go:51.25,53.3 1 0
github.com/byte4ever/r8e/errors.go:54.2,54.13 1 0
github.com/byte4ever/r8e/errors.go:59.34,60.16 1 0
github.com/byte4ever/r8e/errors.go:60.16,62.3 1 0
github.com/byte4ever/r8e/errors.go:63.2,64.28 2 0
github.com/byte4ever/r8e/errors.go:82.46,82.66 1 0
github.com/byte4ever/r8e/errors.go:83.47,83.62 1 0
github.com/byte4ever/r8e/fallback.go:9.122,11.16 2 0
github.com/byte4ever/r8e/fallback.go:11.16,14.3 2 0
github.com/byte4ever/r8e/fallback.go:15.2,15.20 1 0
github.com/byte4ever/r8e/fallback.go:19.146,21.16 2 0
github.com/byte4ever/r8e/fallback.go:21.16,24.3 2 0
github.com/byte4ever/r8e/fallback.go:25.2,25.20 1 0
github.com/byte4ever/r8e/hedge.go:21.138,25.22 2 0
github.com/byte4ever/r8e/hedge.go:25.22,27.3 1 0
github.com/byte4ever/r8e/hedge.go:30.2,36.12 4 0
github.com/byte4ever/r8e/hedge.go:36.12,39.3 2 0
github.com/byte4ever/r8e/hedge.go:42.2,45.9 2 0
github.com/byte4ever/r8e/hedge.go:46.22,49.19 2 0
github.com/byte4ever/r8e/hedge.go:49.19,51.4 1 0
github.com/byte4ever/r8e/hedge.go:52.3,52.20 1 0
github.com/byte4ever/r8e/hedge.go:54.19,61.13 4 0
github.com/byte4ever/r8e/hedge.go:61.13,64.4 2 0
github.com/byte4ever/r8e/hedge.go:67.3,67.73 1 0
github.com/byte4ever/r8e/hedge.go:69.20,71.25 2 0
github.com/byte4ever/r8e/hedge.go:84.14,88.9 2 0
github.com/byte4ever/r8e/hedge.go:89.22,90.19 1 0
github.com/byte4ever/r8e/hedge.go:90.19,92.19 1 0
github.com/byte4ever/r8e/hedge.go:92.19,94.5 1 0
github.com/byte4ever/r8e/hedge.go:94.10,97.5 2 0
github.com/byte4ever/r8e/hedge.go:98.4,98.21 1 0
github.com/byte4ever/r8e/hedge.go:102.3,102.10 1 0
github.com/byte4ever/r8e/hedge.go:103.24,104.21 1 0
github.com/byte4ever/r8e/hedge.go:104.21,106.21 1 0
github.com/byte4ever/r8e/hedge.go:106.21,108.6 1 0
github.com/byte4ever/r8e/hedge.go:108.11,111.6 2 0
github.com/byte4ever/r8e/hedge.go:112.5,112.23 1 0
github.com/byte4ever/r8e/hedge.go:115.4,115.22 1 0
github.com/byte4ever/r8e/hedge.go:117.21,118.26 1 0
github.com/byte4ever/r8e/hedge.go:121.20,122.25 1 0
github.com/byte4ever/r8e/hooks.go:30.51,31.22 1 0
github.com/byte4ever/r8e/hooks.go:31.22,33.3 1 0
github.com/byte4ever/r8e/hooks.go:36.35,37.28 1 0
github.com/byte4ever/r8e/hooks.go:37.28,39.3 1 0
github.com/byte4ever/r8e/hooks.go:42.36,43.29 1 0
github.com/byte4ever/r8e/hooks.go:43.29,45.3 1 0
github.com/byte4ever/r8e/hooks.go:48.39,49.32 1 0
github.com/byte4ever/r8e/hooks.go:49.32,51.3 1 0
github.com/byte4ever/r8e/hooks.go:54.35,55.28 1 0
github.com/byte4ever/r8e/hooks.go:55.28,57.3 1 0
github.com/byte4ever/r8e/hooks.go:60.36,61.29 1 0
github.com/byte4ever/r8e/hooks.go:61.29,63.3 1 0
github.com/byte4ever/r8e/hooks.go:66.40,67.33 1 0
github.com/byte4ever/r8e/hooks.go:67.33,69.3 1 0
github.com/byte4ever/r8e/hooks.go:72.40,73.33 1 0
github.com/byte4ever/r8e/hooks.go:73.33,75.3 1 0
github.com/byte4ever/r8e/hooks.go:78.31,79.24 1 0
github.com/byte4ever/r8e/hooks.go:79.24,81.3 1 0
github.com/byte4ever/r8e/hooks.go:84.52,85.28 1 0
github.com/byte4ever/r8e/hooks.go:85.28,87.3 1 0
github.com/byte4ever/r8e/hooks.go:90.38,91.31 1 0
github.com/byte4ever/r8e/hooks.go:91.31,93.3 1 0
github.com/byte4ever/r8e/hooks.go:96.38,97.31 1 0
github.com/byte4ever/r8e/hooks.go:97.31,99.3 1 0
github.com/byte4ever/r8e/hooks.go:102.32,103.25 1 0
github.com/byte4ever/r8e/hooks.go:103.25,105.3 1 0
github.com/byte4ever/r8e/hooks.go:108.45,109.29 1 0
github.com/byte4ever/r8e/hooks.go:109.29,111.3 1 0
github.com/byte4ever/r8e/middleware.go:17.63,18.86 1 5
github.com/byte4ever/r8e/middleware.go:18.86,19.46 1 5
github.com/byte4ever/r8e/middleware.go:19.46,21.4 1 22
github.com/byte4ever/r8e/middleware.go:22.3,22.14 1 5
github.com/byte4ever/r8e/order.go:27.69,28.23 1 9
github.com/byte4ever/r8e/order.go:28.23,30.3 1 2
github.com/byte4ever/r8e/order.go:33.2,36.47 3 7
github.com/byte4ever/r8e/order.go:36.47,38.3 1 42
github.com/byte4ever/r8e/order.go:40.2,41.27 2 7
github.com/byte4ever/r8e/order.go:41.27,43.3 1 25
github.com/byte4ever/r8e/order.go:44.2,44.12 1 7
github.com/byte4ever/r8e/ratelimit.go:21.42,22.36 1 0
github.com/byte4ever/r8e/ratelimit.go:22.36,24.3 1 0
github.com/byte4ever/r8e/ratelimit.go:51.100,53.25 2 0
github.com/byte4ever/r8e/ratelimit.go:53.25,55.3 1 0
github.com/byte4ever/r8e/ratelimit.go:57.2,71.11 5 0
github.com/byte4ever/r8e/ratelimit.go:77.33,78.6 1 0
github.com/byte4ever/r8e/ratelimit.go:78.6,83.23 4 0
github.com/byte4ever/r8e/ratelimit.go:83.23,85.4 1 0
github.com/byte4ever/r8e/ratelimit.go:88.3,88.56 1 0
github.com/byte4ever/r8e/ratelimit.go:88.56,90.12 1 0
github.com/byte4ever/r8e/ratelimit.go:96.3,98.21 2 0
github.com/byte4ever/r8e/ratelimit.go:98.21,100.4 1 0
github.com/byte4ever/r8e/ratelimit.go:103.3,103.7 1 0
github.com/byte4ever/r8e/ratelimit.go:103.7,106.31 3 0
github.com/byte4ever/r8e/ratelimit.go:106.31,108.5 1 0
github.com/byte4ever/r8e/ratelimit.go:109.4,109.54 1 0
github.com/byte4ever/r8e/ratelimit.go:109.54,111.5 1 0
github.com/byte4ever/r8e/ratelimit.go:118.42,121.6 2 0
github.com/byte4ever/r8e/ratelimit.go:121.6,123.32 2 0
github.com/byte4ever/r8e/ratelimit.go:123.32,125.4 1 0
github.com/byte4ever/r8e/ratelimit.go:126.3,126.65 1 0
github.com/byte4ever/r8e/ratelimit.go:126.65,128.4 1 0
github.com/byte4ever/r8e/ratelimit.go:134.57,137.21 2 0
github.com/byte4ever/r8e/ratelimit.go:137.21,139.3 1 0
github.com/byte4ever/r8e/ratelimit.go:142.2,142.22 1 0
github.com/byte4ever/r8e/ratelimit.go:142.22,145.3 2 0
github.com/byte4ever/r8e/ratelimit.go:148.2,148.6 1 0
github.com/byte4ever/r8e/ratelimit.go:148.6,150.35 1 0
github.com/byte4ever/r8e/ratelimit.go:150.35,152.4 1 0
github.com/byte4ever/r8e/ratelimit.go:155.3,156.10 2 0
github.com/byte4ever/r8e/ratelimit.go:157.20,159.23 2 0
github.com/byte4ever/r8e/ratelimit.go:159.23,161.5 1 0
github.com/byte4ever/r8e/ratelimit.go:162.21,164.20 2 0
github.com/byte4ever/r8e/ratelimit.go:170.41,173.2 2 0
github.com/byte4ever/r8e/retry.go:20.44,21.32 1 0
github.com/byte4ever/r8e/retry.go:21.32,23.3 1 0
github.com/byte4ever/r8e/retry.go:27.53,28.32 1 0
github.com/byte4ever/r8e/retry.go:28.32,30.3 1 0
github.com/byte4ever/r8e/retry.go:35.47,36.32 1 0
github.com/byte4ever/r8e/retry.go:36.32,38.3 1 0
github.com/byte4ever/r8e/retry.go:46.181,48.27 2 0
github.com/byte4ever/r8e/retry.go:48.27,50.3 1 0
github.com/byte4ever/r8e/retry.go:53.2,53.22 1 0
github.com/byte4ever/r8e/retry.go:53.22,55.3 1 0
github.com/byte4ever/r8e/retry.go:57.2,60.35 3 0
github.com/byte4ever/r8e/retry.go:60.35,64.32 3 0
github.com/byte4ever/r8e/retry.go:64.32,68.4 3 0
github.com/byte4ever/r8e/retry.go:68.9,70.4 1 0
github.com/byte4ever/r8e/retry.go:73.3,73.17 1 0
github.com/byte4ever/r8e/retry.go:73.17,75.4 1 0
github.com/byte4ever/r8e/retry.go:77.3,80.23 2 0
github.com/byte4ever/r8e/retry.go:80.23,82.4 1 0
github.com/byte4ever/r8e/retry.go:85.3,85.46 1 0
github.com/byte4ever/r8e/retry.go:85.46,87.4 1 0
github.com/byte4ever/r8e/retry.go:90.3,90.31 1 0
github.com/byte4ever/r8e/retry.go:90.31,91.9 1 0
github.com/byte4ever/r8e/retry.go:95.3,101.47 3 0
github.com/byte4ever/r8e/retry.go:101.47,103.4 1 0
github.com/byte4ever/r8e/retry.go:106.3,107.10 2 0
github.com/byte4ever/r8e/retry.go:108.20,108.20 0 0
github.com/byte4ever/r8e/retry.go:110.21,112.26 2 0
github.com/byte4ever/r8e/retry.go:117.2,117.65 1 0
github.com/byte4ever/r8e/stalecache.go:29.88,35.2 1 0
github.com/byte4ever/r8e/stalecache.go:39.98,42.16 2 0
github.com/byte4ever/r8e/stalecache.go:42.16,53.3 6 0
github.com/byte4ever/r8e/stalecache.go:56.2,57.18 2 0
github.com/byte4ever/r8e/stalecache.go:57.18,59.20 2 0
github.com/byte4ever/r8e/stalecache.go:59.20,64.4 4 0
github.com/byte4ever/r8e/stalecache.go:68.2,71.18 4 0
github.com/byte4ever/r8e/stalecache.go:75.46,77.2 1 0
github.com/byte4ever/r8e/stalecache.go:80.51,82.2 1 0
github.com/byte4ever/r8e/timeout.go:14.123,18.22 2 0
github.com/byte4ever/r8e/timeout.go:18.22,20.3 1 0
github.com/byte4ever/r8e/timeout.go:23.2,33.12 5 0
github.com/byte4ever/r8e/timeout.go:33.12,36.3 2 0
github.com/byte4ever/r8e/timeout.go:39.2,39.9 1 0
github.com/byte4ever/r8e/timeout.go:40.17,41.22 1 0
github.com/byte4ever/r8e/timeout.go:42.27,45.23 1 0
github.com/byte4ever/r8e/timeout.go:45.23,47.4 1 0
github.com/byte4ever/r8e/timeout.go:49.3,50.26 2 0
